<?xml version="1.0" encoding="UTF-8" ?>
<testsuite errors="0" failures="0" hostname="asus" name="LemmaReaderAndPreparatorTest" skipped="0" tests="1" time="0.32" timestamp="2017-10-06T10:38:44">
  <properties>
[...]
</properties>
  <testcase classname="LemmaReaderAndPreparatorTest" name="testReadDataLemmaPosFormat" time="0.269" />
  <system-out><![CDATA[readDataLemmaPosFormat
URL file:/C:/Git_repo_GPL/nimbler-corpus/build/test/classes/META-INF/resources/FiltredEntiresToDataBase.txt

This list contains most popular category and producs form food store
Remember this is only firs variant of product list.

way
family
company
home
lot
game
law
minute
back
others
door
history
morning
guy
teacher
music
plan
experience
effect
care
development
show
mind
report
model
event
site
table
oil
news
baby
organization
hair
plant
choice
husband
call
behavior
west
store
movement
animal
success
staff
attack
deal
feeling
analysis
section
professor
authority
knowledge
cell
firm
charge
employee
pain
interview
politics
conference
range
shoulder
property
cause
purpose
owner
yard
finger
painting
victim
score
citizen
customer
reform
sky
investigation
camp
possibility
vision
scale
spot
distance
gold
crowd
band
guard
tool
understanding
faith
gift
document
intelligence
neighbor
focus
voter
visit
medicine
classroom
search
device
neck
writing
theater
map
literature
instruction
software
sugar
consequence
minority
aid
trail
human
revenue
bridge
accident
notion
root
ad
chief
cat
gender
producer
appeal
perception
bond
check
fashion
improvement
faculty
bomb
wheel
noise
milk
height
explanation
potential
interaction
depression
warning
request
library
tea
description
portion
lake
alcohol
error
sand
transition
resistance
knife
coat
sauce
advance
illness
juice
boss
entry
mood
round
commission
objective
mixture
dimension
implication
recognition
corn
salary
exhibition
channel
roll
specialist
shell
onion
criteria
activist
corporation
barrier
advocate
bunch
burden
bear
cabinet
cousin
adviser
slave
expansion
conservative
fiction
senator
boundary
delivery
transfer
craft
episode
assault
headquarters
shelter
poet
significance
grandfather
garlic
fellow
shade
palm
limitation
tendency
efficiency
trick
tennis
purchase
suspect
provider
punishment
principal
palestinian
motor
cabin
pine
shit
fly
flame
measurement
medium
basket
cookie
killing
transformation
prescription
consensus
courage
clue
uncle
lap
makeup
favor
adolescent
stem
jeans
compound
cry
final
export
t-shirt
implementation
lens
fraud
rat
monster
nightmare
possession
warrior
domain
walking
aim
towel
blue
sweat
mandate
currency
turkey
compromise
fork
finish
pension
transaction
noon
poster
magic
jazz
guidance
gym
destination
bath
realm
pizza
bias
entity
servant
starter
angel
elder
juror
loyalty
bow
sword
carpet
dilemma
steam
statute
rent
reliability
thigh
conspiracy
ministry
puzzle
earthquake
creativity
jump
syndrome
cast
flexibility
equivalent
sibling
soap
franchise
sensation
dam
patent
attendance
stance
ideal
sack
chunk
migration
robot
liberal
mineral
equality
carrot
sponsor
chill
vendor
auction
interval
bulk
liver
goat
cruise
impulse
dancing
straw
objection
denial
mention
grape
clay
homework
molecule
accountability
bucket
marble
harvest
spy
ridge
tile
foreigner
plea
bulb
seller
warehouse
stereotype
pistol
website
scrutiny
hunt
videotape
march
congregation
marijuana
rejection
autumn
caller
sketch
ward
knot
creator
glow
farming
inability
bass
breakdown
spin
taxi
hood
adaptation
double
litigation
delegate
robe
gown
rap
rear
strand
bead
shotgun
transplant
champagne
demon
proposition
handling
guerrilla
parenting
descent
waiter
push
contrary
prey
editorial
modification
fireplace
microphone
newcomer
con
precedent
calf
boxing
astronaut
intimacy
broth
delegation
spark
liquor
span
cube
preacher
sunset
echo
legitimacy
deed
closure
luxury
playground
brow
par
ma'am
re-election
incidence
setup
printer
nitrogen
urge
say
drain
leak
accountant
diner
artery
nonsense
dressing
lounge
daylight
parallel
prostitute
intake
hedge
gauge
injustice
reunion
jewel
controller
local
caregiver
fix
tomb
protester
saddle
hammer
greek
coffin
disturbance
magnet
stripe
tee
decrease
opposite
curl
steering
usage
embargo
antique
fertilizer
breed
darling
deployment
wrap
deviation
governance
skeleton
renewal
archive
pillar
retention
beneficiary
policymaker
asthma
necklace
manifestation
rivalry
hurdle
sergeant
privatization
cheer
elevation
backdrop
scoring
alpha
bark
hillside
paradox
angler
dating
paradise
desktop
ammunition
steroids
fund-raiser
roommate
divide
squash
skepticism
nucleus
admiration
overview
apparatus
inequality
autobiography
sunglasses
vampire
emperor
lodge
informant
co-author
daytime
tribunal
obesity
militant
plug
pearl
subscriber
crumb
allegiance
freezer
throne
burger
visibility
baggage
veil
severity
openness
ginger
examiner
multimedia
raft
spike
plight
sickness
madame
nap
pose
persistence
desperation
librarian
roman
preview
crunch
foe
capture
whip
directive
enjoyment
impeachment
dictatorship
cellar
linkage
masterpiece
uprising
sunshine
superiority
bum
adulthood
bust
specification
pier
breach
glacier
forearm
catalyst
hen
casting
novelty
schooling
grouping
dial
sociology
clearing
detainee
wavelength
vow
nostalgia
mustache
jealousy
cookbook
imbalance
scenery
deception
famine
cycling
lighter
dwelling
bamboo
interception
synthesis
reviewer
superpower
mortar
spear
overtime
aroma
buffet
cruelty
take
compression
synagogue
vodka
footprint
abstraction
cloak
accumulation
parasite
referee
hispanic
dissatisfaction
doctorate
foreground
vengeance
heavyweight
influx
absorption
fig
monarch
raise
eyelid
nanny
battalion
facet
freelance
graffiti
liberalization
persecution
tick
longevity
excavation
bedside
token
rash
shrug
gunshot
deterioration
experimentation
mailbox
jelly
banquet
equilibrium
fireman
upheaval
anthrax
enclave
nuance
rapper
cartridge
arabic
gala
cranberry
alphabet
handwriting
affinity
gaming
replica
shoreline
aesthetics
tug
blind
terminology
optics
warden
breadth
orphanage
bowel
tenor
motorist
broom
gloom
brief
cut-off
notch
donkey
polish
anthem
jockey
persuasion
scoop
monarchy
mailing
malpractice
mower
limousine
self-confidence
grunt
skater
disdain
parachute
hiker
intimidation
prom
deterrent
checkpoint
postseason
pediatrician
bidding
tracking
manure
flux
warhead
wreath
epic
scorer
blackness
tart
worldview
skate
frying
overlap
parrot
yeast
hegemony
convergence
cosmetics
self-defense
mosaic
squadron
brown
gust
proficiency
accreditation
sect
cheerleader
projector
nicotine
aquarium
winery
headnote
rosemary
getaway
forestry
stat
reorganization
beacon
roast
swell
yen
margarine
preserve
batting
humanities
sewing
diarrhea
compact
amnesty
deli
anti-semitism
hum
stronghold
special
lore
closeness
subgroup
induction
dialect
sharing
flyer
mare
inconvenience
foothill
recurrence
viability
ancestry
dweller
mussels
wrong
gutter
co-star
plutonium
buy
watermelon
stairwell
cognition
leukemia
veggie
articulation
thicket
magistrate
shallot
verification
fancy
quad
hanger
canister
bedding
antioxidant
illumination
whereabouts
woodland
cashier
espionage
wildflower
riding
dichotomy
bog
fieldwork
incorporation
taboo
symposium
homelessness
national
adversity
primate
roadblock
insert
maternity
rodeo
offensive
abnormality
trickle
blank
commando
hospitalization
yarn
barley
balancing
coherence
treatise
troupe
pat
shin
milieu
spaceship
constant
dashboard
blush
touring
fidelity
depot
fastball
commotion
airwaves
etiquette
shutdown
shrink
intermediary
lash
mayonnaise
policy-making
candlelight
groundwork
midwife
ore
handbag
interplay
guidebook
optimist
feasibility
cub
essential
sprint
bullying
otter
bagel
stratum
reconnaissance
leopard
infertility
scorn
mitigation
bearer
moan
plumber
workstation
communist
summertime
creed
amino
arcade
handout
lapel
fender
deterrence
tonic
inequity
morgue
incarceration
quirk
gorge
magnesium
free-market
tubing
potassium
neutrality
aerobics
kickoff
buff
freestyle
airway
hunch
yearning
blink
oblivion
demo
sentencing
taco
sunflower
blitz
limp
marinade
jargon
trance
pedagogy
carnival
hunk
cartilage
connector
punt
bombardment
duel
steroid
captor
propeller
silicone
in-law
better
puberty
enlightenment
fright
stagger
logger
peg
pawn
replay
utensil
checkup
apprenticeship
registry
drape
accomplice
airfield
assailant
disregard
arsenic
primacy
epoch
cork
chap
immortality
juvenile
cornmeal
driving
borderline
cartoonist
droplet
precedence
inertia
reindeer
contraceptive
bigotry
auspice
cobalt
reparation
transistor
miscarriage
sling
scapegoat
shellfish
immunization
fondness
standout
uproar
manslaughter
covering
fluency
eyelash
land-use
stir
mismanagement
increment
behemoth
fanfare
asking
bribery
yell
cashmere
overture
spade
toss
fore
juniper
spatula
hotline
valet
pretext
mantel
residuals
communicator
veranda
shootout
starch
plethora
attractiveness
padding
gleam
brownie
homemaker
benefactor
interchange
allegory
propriety
pragmatism
artistry
piping
strait
aristocracy
font
apathy
bran
reservist
tweed
filament
mascara
safari
decision-maker
nudity
mockery
rake
jumble
maverick
witchcraft
visualization
cpu
zip
self-sufficiency
bastion
disobedience
itch
warp
ram
omen
elm
swap
snapper
chives
conjunction
sustenance
caviar
anemia
lightweight
mop
phosphorus
pallet
admonition
inroads
monograph
overload
plenty
burrow
seniority
polluter
balm
flooring
brawl
dung
oar
readership
penthouse
nomad
revitalization
optic
caseload
chi-square
barbarian
karate
eyesight
noose
newsstand
sap
insertion
vocalist
outside
coexistence
affluence
evergreen
minnow
tycoon
agility
botanist
rigidity
smash
caseworker
dunk
jab
industrialist
roundup
subtest
severance
stallion
aspen
daughter-in-law
ebb
bayonet
respectability
exasperation
hemp
maniac
lovemaking
recitation
runaway
sci-fi
piston
cleat
aggressiveness
scotch
clique
serial
wiper
underclass
poacher
tome
entomologist
sterling
twine
potion
consumerism
scum
acupuncture
starship
deformity
suction
gurney
clergyman
grounding
drunk
pomegranate
upstart
vigilante
bottleneck
garland
toenail
rugby
compatriot
commons
terrier
aviator
daily
solicitation
epidemiologist
conspirator
quandary
acoustic
hoot
twitch
sickle
slut
tendril
concierge
re-entry
encryption
organic
hairline
widower
chairwoman
ire
saber
sabbatical
revulsion
pretzel
annihilation
poise
falcon
giving
dill
jumpsuit
eave
masquerade
shambles
alleyway
silt
tumble
bile
relapse
biz
baboon
nave
eccentricity
downpour
lexicon
disillusionment
counterinsurgency
jogger
layman
assent
censor
expiration
midpoint
slaughterhouse
banjo
eucalyptus
astrophysicist
harbinger
uneasiness
motherfucker
cheeseburger
accession
airspace
squeak
schoolyard
confectioner
universality
beeper
wimp
inflection
maneuvering
snippet
milling
antecedent
stumbling
applicability
slugger
grandpa
mackerel
forgery
swipe
scrimmage
trove
peculiarity
whiz
monsoon
mammoth
lick
crossfire
scouting
quartz
woodpecker
truckload
pop-up
break-in
eloquence
geyser
amber
intifada
grazing
glut
sheaf
boob
disengagement
headmaster
earmark
re-enactment
micron
posse
legume
moat
longitude
depositor
lefty
progeny
communique
meth
pita
rote
khakis
venison
institutionalization
feta
banter
malt
snowshoe
anathema
halibut
co-host
snowboard
pursuer
dynamism
actuator
shuffle
inaccuracy
spraying
firecracker
theorem
fortitude
corset
exhortation
adaptability
sameness
peacemaker
stampede
miscalculation
hearsay
luminary
solicitor
pancreas
racketeering
offshoot
insensitivity
lance
chieftain
steelhead
microchip
grand
orb
finisher
shove
self-pity
hideaway
transformer
landlady
blemish
multimillionaire
acquiescence
indecision
cantaloupe
to-do
cannibal
screener
macro
breech
homily
forerunner
cul-de-sac
air-conditioning
cauldron
riser
swig
chairmanship
radiologist
sac
intoxication
connectedness
magenta
mannerism
all-star
excision
karma
decadence
impurity
summation
filet
tribesman
gumbo
chisel
shanty
supplementation
llama
seamstress
peep
radon
newsman
snowman
puncture
goatee
sioux
tightness
self-perception
collie
fake
playback
compendium
nay
countenance
foursome
call-in
run-in
yo-yo
abrasion
swatch
vastness
fell
cobweb
negation
earphone
asterisk
polarity
deodorant
drunkenness
turpentine
lark
ostrich
headwaters
birthright
reveler
clockwork
latency
curd
contagion
jetty
burlap
muffler
leech
intermission
neophyte
isolationist
lightbulb
rec
welt
salami
corkscrew
walkie-talkie
yardage
songwriting
realtor
mammography
fawn
iguana
descriptor
bot
precipice
synopsis
poncho
glassware
peroxide
regalia
bipartisanship
fanaticism
post-mortem
bro
manatee
sit
pewter
enlistment
jus
riverbed
nonmember
exclusivity
frat
estrangement
banister
patter
laziness
acrobat
fedora
pansy
weatherman
carbonate
toleration
wherewithal
commuting
sentinel
covariate
storehouse
shading
airlift
confetti
repairman
mestizo
toil
togetherness
commercialism
secularist
gaggle
rationalism
vane
silica
middleman
conscription
interviewing
deflation
rangeland
tassel
tarpon
scone
monotone
solidity
antihistamine
delirium
disorientation
caddy
forklift
constipation
lollipop
shrubbery
truism
mil
blond
deflection
ophthalmologist
bailiff
dissension
personage
hickory
sportscaster
underpainting
sos
slob
volition
egret
wastebasket
waistline
hater
dispensation
coldness
minion
sulfide
psychoanalyst
opportunist
reconsideration
stagecoach
powwow
drudgery
sycamore
monstrosity
foreword
rip-off
irradiation
stepdaughter
carpentry
lotus
astrophysics
interloper
manhole
scat
earlobe
watercress
snatch
swearing
heist
slayer
trombone
taping
perpetuation
crowbar
mooring
teal
papacy
bib
tuba
milking
arrhythmia
stork
strobe
manger
biennial
ironing
mullah
tease
originator
hairpin
emir
sportswear
clap
withholding
gesso
methyl
obelisk
handyman
yoruba
gentry
overpass
panoply
misinterpretation
shrinkage
transporter
cookware
spawn
unconscious
persimmon
jamaican
boxwood
wariness
compiler
telecommuting
fag
catch-up
purgatory
wacko
theocracy
resection
showman
girdle
detonator
licorice
backcourt
reprise
rivulet
reflux
conquistador
seaport
po
nub
trustworthiness
crawler
lethargy
foreplay
storyline
tedium
protestation
headland
eugenics
applesauce
judging
self-sacrifice
undertaker
crosshair
underling
slippage
glazing
bloodline
ornamentation
immensity
fatalism
pi
randomness
constancy
bluster
soul-searching
exorcism
babble
flare-up
spacesuit
reinstatement
cordon
distillation
agitator
motorsport
sinusitis
pinstripe
var
triangulation
teaser
proportionality
ting
molar
impartiality
verve
capillary
journeyman
buyback
multiplex
sparring
bluebird
tines
frostbite
goings-on
flagpole
dramatist
manganese
refiner
fjord
blurring
doggy
pull-up
sisterhood
epilogue
kinsman
pretender
peephole
armistice
statehouse
couplet
indebtedness
doggie
tabernacle
lynx
wonderland
splotch
cabinetry
afterglow
corrective
strangulation
minuteman
flatness
taxicab
carotene
swindle
snowmaking
acrimony
mock-up
disciplinarian
break-even
segregationist
protectorate
cabby
basilica
seeking
byline
geezer
reopening
junket
segmentation
vixen
hock
whoop
morn
bending
bed-and-breakfast
exhalation
phoneme
hackle
omelette
microcomputer
sauerkraut
fail
podcast
beachhead
kingship
telemetry
osprey
principality
pontiff
judo
fortnight
helix
minaret
rook
grail
conductivity
allspice
doer
fecundity
prompting
raffia
ornithologist
bloodbath
sternum
paramilitary
asian-american
blackbird
enticement
behaviorist
reactivity
dutchman
cosmonaut
reinforcer
revelry
lozenge
detoxification
annotation
fiddler
viper
plover
focuser
crackpot
jamb
dusting
marmalade
prowl
excavator
disaffection
fatherland
enrollee
irrationality
hitchhiker
rationalist
cassava
atherosclerosis
mounting
stepparent
headrest
guardrail
secretariat
beadwork
mandolin
stimulator
houseplant
icebox
marionette
separateness
radiology
disjunction
germplasm
scruple
woodsman
faint
matrimony
portobello
agnostic
appellation
joining
wretch
valence
phase-out
sixth-grader
waterline
pontoon
shimmy
siting
racquetball
paisley
collectivist
concealer
midriff
isthmus
dredge
riverfront
traverse
apotheosis
carbine
guessing
workspace
pith
slav
millionth
armory
pullback
cabinetmaker
viceroy
screw-up
heathen
panhandler
gran
voyager
greyhound
readability
uptick
oversimplification
undertow
fallback
burgundy
chipmunk
kitchenette
dole
deviance
cloister
automaton
anteroom
corroboration
guile
disbursement
out-group
emitter
seepage
divan
pylorus
chump
amalgamation
classicism
incapacity
endgame
finger-pointing
rucksack
gestalt
filmmaking
waif
casein
bloodstain
boathouse
tomatillo
mend
jackhammer
armature
quartile
interconnectedness
softwood
possessor
matchstick
stunner
mongrel
suffocation
co-producer
realpolitik
tangent
poly
poof
toggle
mamma
sadism
stoicism
tapioca
toss-up
jester
forceps
zeppelin
constitutionalism
hillock
tincture
mignon
timelessness
radicchio
lycopene
americanist
dockside
refraction
midshipman
undermining
self-promotion
snoop
quesadilla
auteur
expressiveness
symptomatology
sleaze
inlay
clear-cutting
abstention
sombrero
predicate
tardiness
tailspin
dandruff
insomniac
wading
monorail
blurb
carload
boatload
windscreen
gunfight
coffeemaker
tulle
clematis
lorry
sufficiency
comparability
tableware
tonsillectomy
hammering
individuation
condensate
logbook
homebuyer
delicatessen
revocation
treehouse
manna
in-group
macrophage
naturalness
self-restraint
muskie
wonk
turnabout
mortician
lube
downer
decoding
fishbowl
mishmash
percussionist
dalliance
protrusion
brawn
doorjamb
perp
smoothie
wasabi
bather
attenuation
convocation
taupe
homeopathy
grilling
weakling
wisecrack
chanterelle
grumble
chaff
non-jew
hanky
chanting
diphtheria
chamois
modeler
ensign
reaper
criminology
cinematography
typeface
lumberjack
semiotics
has-been
talus
argon
also-ran
half-smile
hygienist
podiatrist
footbridge
beltway
rolodex
hawker
councilor
showpiece
hopi
earthwork
exotic
epigraph
incitement
wordplay
incoherence
therapeutics
hardening
sarcoma
midline
crossbar
beck
cay
marksmanship
forger
shakeout
goldsmith
japanese-american
whipping
lingua
pinhole
greenback
girlie
cantilever
eyeshadow
gaiety
showstopper
reseller
virulence
schoolbook
self-righteousness
preliminary
rosebush
subservience
thievery
maladjustment
temerity
dint
snowbank
screamer
pillbox
musicality
barrister
imp
ballclub
fascia
relativist
abortionist
sketching
regrowth
beheading
philology
wiz
avionics
enunciation
dragnet
globalism
promulgation
sump
spar
whiplash
showtime
collectivism
multiculturalist
shareware
cantina
bloodletting
wellhead
tamarind
slovak
powerboat
lupine
canard
handicapper
pulling
henna
seven-game
scepter
anchoring
chickadee
hitman
plunger
bird-watcher
slicer
savannah
archduke
linearity
misfire
arbitrage
gentile
vomiting
seahorse
disrepute
pilothouse
tabby
imperialist
expansionism
musicologist
usability
fieldstone
geophysicist
gendarme
renegotiation
prowler
harangue
out-of-towner
metallurgy
chipping
juke
balsa
hand-me-down
bordello
gastroenterologist
phage
backstreet
selector
yelling
dogfight
bilge
talcum
busybody
belligerence
borer
underestimation
backstop
peeve
drudge
adjutant
swindler
melanin
hardiness
swathe
angora
garret
counterargument
overemphasis
bobber
entranceway
artificiality
transience
lemur
sloppiness
non-native
puppetry
epithelium
concord
sherbet
firebox
superconductivity
triumvirate
landholder
seeding
goiter
slammer
lodgepole
flyover
vale
soothsayer
assemblyman
greeter
spiritualist
orthopedist
bassinet
iridium
midwifery
beatnik
mantis
matchbook
quinine
paramour
fancier
pigeonhole
destitution
rootstock
fathom
concertina
polyglot
eschatology
appendicitis
stepbrother
hypoxia
travelling
gramophone
exploiter
urethra
fetishism
retardant
repartee
lemongrass
laughingstock
crybaby
squirm
chit
duffle
sunburst
wraith
headwind
batik
gamesmanship
counterbalance
gallstone
organza
instigation
ephedra
rule-making
boomtown
advisement
marquis
switchblade
hypersensitivity
homeostasis
whodunit
revaluation
night-light
billows
crimp
flatbread
pictograph
raceway
azimuth
thermals
corporatism
biggie
workgroup
hopefulness
eutrophication
coven
centurion
misspelling
humvee
roadshow
magnifier
businessperson
jiffy
zookeeper
lye
alliteration
pushcart
placer
sharpener
canker
re-enactor
torah
prefect
abrogation
flimsy
hollowness
sty
vac
oleander
reification
erythema
marzipan
mudflat
protozoan
upright
vexation
sassafras
high-top
co-captain
insouciance
hopscotch
bookworm
banknote
bafflement
confederacy
gravedigger
bunion
immunologist
parochialism
aeronautics
classifieds
phi
cretin
amelioration
pontificate
troika
swale
eight-year-old
guano
roan
melt
fusillade
scruff
man-hour
chaparral
rhesus
sightseer
cryptography
comradeship
shim
superposition
dodo
unavailability
pilaster
flutist
cheapskate
lox
doomsayer
pre-nup
viscera
hard-on
bookmaker
voyageur
dpi
brucellosis
jib
nobody
goalpost
jibe
bioweapon
sobriquet
sluggishness
blowtorch
jackknife
sunbelt
prioritization
myrrh
territoriality
surmise
stalagmite
fantasia
plebe
t-bone
helpfulness
systematics
falconer
impeller
electromagnetism
paediatrician
issuing
jinx
typhus
adieu
crabapple
transmutation
adios
kickball
lepton
daikon
quintessence
constructor
breakaway
dildo
interpolation
databank
spitball
pinafore
zydeco
negativism
heuristics
colonialist
anklet
proboscis
capo
whitefly
speedster
link-up
woodlot
copyist
rasa
sleepwalker
pecker
pommel
brownfield
lacuna
regional
trade-in
caregiving
webmaster
legitimization
sauropod
amaranth
deal-making
scoliosis
rebelliousness
scriptwriter
steers
prescience
run-through
aeroplane
upwelling
quatrain
glycerin
sounder
attractant
cliffside
earache
emotionalism
encephalopathy
malleability
importing
stave
scarab
aperitif
canoeist
bevel
botulinum
operetta
graying
autobahn
deliveryman
airframe
vertex
nectarine
flowerbed
boosterism
subject-matter
hovercraft
derriere
disrupter
obeisance
phantasm
bratwurst
biofilm
minuet
militarist
omnipresence
crapshoot
redistricting
bowing
ostentation
offending
conjugation
ne'er-do-well
rapier
combustor
cabling
reclassification
larch
cultist
temptress
scofflaw
hoodoo
privateer
gizzard
grueling
regency
short-term
waft
looking-glass
tush
subroutine
wallboard
gaffer
singleton
gourmand
eritrean
truncheon
foreknowledge
caldron
deaconess
improbability
downgrading
write-down
vindictiveness
haemorrhage
prolongation
oregonian
bioethicist
babylonian
urinalysis
trattoria
invitee
speckle
landline
franchiser
rehash
biohazard
hoodie
toile
stinker
shellac
bioscience
nonconformity
beanstalk
haggling
rentier
shuffleboard
disputation
ostinato
great-granddaughter
yap
nihilist
trembling
interventionist
intellectualism
cudgel
canvass
sobbing
repugnance
gorgonzola
dickens
nothing
ambassadorship
doodad
protectiveness
spawner
wipeout
pseudoscience
jute
doyenne
nucleon
evaporator
prequel
heparin
largo
deltoid
steepness
light-headedness
gunfighter
racecourse
luger
cupful
plasmid
booker
sandlot
dolt
warpath
orthopedics
showboat
fingerprinting
peacemaking
biometrics
undercarriage
retinol
godparent
ambrosia
mandala
wind-chill
anthropomorphism
twitching
tyrannosaur
clairvoyance
encirclement
aide-de-camp
arm-twisting
campo
paperboy
duplex
pungency
col
spearmint
carpaccio
disquisition
codger
trivialization
sexton
toke
intercity
ganache
multistage
flycatcher
baklava
bobblehead
cybernetics
relinquishment
hydroxyl
pickax
panfish
handcart
kaffir
inculcation
wrangle
cognizance
obliviousness
rhetorician
dustpan
home-schooler
sextet
substratum
horsemanship
scrapie
hidalgo
falling-out
softy
chaebol
thrip
recognizance
homepage
mudroom
scramble
creamer
disputant
continence
baluster
periodization
behaviorism
merino
scraping
raving
adsorption
investiture
guideway
birdcage
scintilla
keiretsu
self-aggrandizement
penury
anarchism
capon
penstemon
phoenician
monumentality
brownout
tricorder
authoritarian
bluebonnet
stylization
stagflation
amine
washerwoman
photoreceptor
drubbing
kola
backlight
mensch
kingmaker
misanthrope
reanalysis
kibble
scape
tentativeness
h-bomb
gearhead
megalopolis
safehouse
oriole
inviolability
rearmament
creel
non-believer
sureness
taproot
coarseness
seatmate
subjunctive
narc
timekeeping
rank-and-file
chico
speed-up
numerology
millipede
scorch
enlarger
gradualism
sonority
hedging
religionist
six-shooter
amerindian
hantavirus
jingoism
delimitation
manikin
metadata
assyrian
hillbilly
disinvestment
shul
graywater
handstand
medico
ironstone
parry
hankering
picketer
bobbin
bowstring
necropolis
clerkship
tribune
non-event
gladiolus
babbling
what-if
lustre
wadi
nor'easter
paraplegia
underfunding
videocamera
longbow
imprecation
diptych
bravo
gaining
defile
maidservant
dweeb
magnetar
streptococcus
imperium
drake
shitload
porker
cozy
crafter
womanizing
terabyte
backspin
macaque
roll-call
backstory
skittle
exceptionality
companionway
molehill
peacenik
dressage
eats
test-taker
absinthe
dong
trouper
towpath
billow
bioavailability
pyrite
honking
corpsman
gape
jewellery
townsman
ghee
paladin
reflectance
workpiece
statism
singleness
loess
massing
outwork
psychobabble
viva
pipsqueak
ninny
secretary-treasurer
melaleuca
bonk
tussock
sheer
forecourt
broil
doyen
pastoralism
selectman
warfarin
inducer
tabla
neutering
spangle
a-team
two-piece
go-around
battlefront
glaciation
chug
misrule
boomlet
wheezing
regress
fading
methylmercury
loosestrife
dialing
antifeminist
polygyny
moistness
revamp
handshaking
splintering
hetero
demitasse
backflip
bollock
fantasyland
antitoxin
apostolate
alopecia
slipping
anthracite
voile
stroma
elocution
self-study
muchacho
sandman
remodeler
franchisor
whirligig
kudu
weekender
batsman
pollack
six-cylinder
sociobiology
tipster
eighteen-wheeler
photonics
codicil
teletype
counteroffer
oedema
dabbler
icehouse
pawnbroker
boozer
sealskin
chesterfield
bucketful
soundscape
ester
pinewood
styler
grating
colostrum
e-mailer
proprietress
hatbox
obverse
backgrounder
catbird
lux
malaysian
gayness
cheerleading
muumuu
tastemaker
frogman
metier
antonym
mastic
blackfly
consolidator
dearie
bitumen
front-page
tie-down
corkboard
papoose
spasticity
plundering
gerrymandering
dimming
hydrochloride
barberry
contortionist
whelk
combativeness
canasta
brainwave
leaching
jockstrap
mala
attender
handmaid
garrote
sward
peoplehood
baud
swain
t-bar
figure-eight
hurting
chamberlain
obsessiveness
caries
glutamine
resistivity
incompetent
sultanate
flammability
delectation
galette
meetinghouse
worsted
webpage
glitterati
mapper
fluorocarbon
depressant
erg
hellion
invalidation
chooser
dishcloth
lodestar
pedantry
muchacha
rebbe
gather
presentiment
pardner
aspic
catsup
jailbird
appurtenance
bollworm
troller
moa
metrology
fermion
downshift
papilloma
interpreting
solubility
goddaughter
subspace
majolica
newel
glimmering
cosmetologist
cheroot
simian
heliotrope
governor-general
resurfacing
gorgon
corm
eider
distractor
deadweight
commonalty
blackmailer
relegation
icemaker
overestimate
glycerine
skirmishing
tablespoonful
pretentiousness
hijinks
bookmobile
miseducation
ferritin
liminality
tater
goy
daydreaming
discussant
busywork
rapping
madder
hermeneutic
turbot
hoofprint
doggedness
huffing
dockyard
surfactant
infotainment
cognate
citron
wheatgrass
naughtiness
entombment
neurochemistry
ejector
decolletage
gesticulation
extrication
pillory
gnawing
flyboy
deactivation
variegation
half-marathon
hoedown
vittles
sodomite
naphtha
irish-american
east-northeast
bellyache
senegalese
antimicrobial
lodestone
onrush
gasifier
faery
linguini
marchioness
aerogel
guesstimate
hellcat
shi'ite
flameout
autoclave
streptococci
vocab
dairyman
tidewater
retractor
expander
dimorphism
romper
lionfish
hypnotherapy
orthosis
evisceration
surfacing
former
frisket
tenia
curbing
womankind
egoist
obtuseness
gimmickry
dystopia
skullduggery
do-it-yourself
meiosis
half-point
lacework
pieta
oxidase
carob
metaphysician
sportswoman
aerialist
catecholamine
bildungsroman
pasteboard
co-pay
fibrin
tam
warlock
granita
childlessness
packinghouse
massager
tutee
thumbs-down
kimchi
thoughtlessness
desalinization
cockfight
predication
bowrider
provincial
curandero
mycologist
decathlete
writer-producer
flunkie
glucosamine
embryologist
publican
cellulitis
drib
hydrofoil
cytomegalovirus
sensuousness
deconstructionism
layaway
dumbo
necropsy
trice
chigger
neuropsychology
shuttlecock
waterspout
stonefly
meandering
overreaching
turpitude
circumscription
tolling
calamine
retake
raga
wineskin
scald
jackboot
dimer
grayling
terrapin
heliport
gameplay
sullenness
abracadabra
tugging
chocolatier
cross-check
workability
chambray
listenership
birdcall
immutability
decider
gringa
brilliancy
shipowner
decalogue
scow
danish
precipitator
theist
polycarbonate
adenoidectomy
ryegrass
jitney
chitin
somnolence
poplin
ammonite
gracefulness
sinecure
astrobiologist
hyperextension
daub
cephalosporin
congruity
patrilineage
maths
debenture
honoring
gunnel
rattletrap
basketmaker
anointing
enumerator
mandoline
antinomy
guidestar
flag-waving
plugger
rotating
eeriness
nonrecognition
ethnicization
lecithin
kahuna
tautness
great-great-grandmother
interleukin
rescission
hemodialysis
conceptualist
e-zine
factuality
cautery
assonance
scorekeeper
waitstaff
externalization
perspicacity
greasepaint
pone
timeshare
revetment
hosting
excreta
gristmill
tomfoolery
rhomboid
telemedicine
playgoer
loden
cartload
counterforce
add-in
fencerow
pasturage
plainclothesman
high-back
venturi
mustiness
giantess
two-hitter
glissando
anticonvulsant
brunet
madrassah
armhole
voracity
graviton
waggle
defacement
reductase
sidesaddle
malnourishment
cursing
sourpuss
coonskin
taxman
coloratura
netball
wiggler
demoiselle
bestowal
sexualization
demiurge
humaneness
translocation
bottom-line
mescaline
layabout
ballcarrier
roiling
methionine
smartass
three-week
robbing
double-checking
self-test
andante
twenty-year-old
niobium
covetousness
harissa
salver
papist
dorado
hypnotism
tahitian
shopgirl
braying
ambassador-at-large
metallic
uvula
sociobiologist
glockenspiel
cava
starfield
pointlessness
reprobate
rounders
gasbag
tobacconist
gorget
oddment
animality
bandbox
dodging
caulking
phonebook
recalibration
laryngoscope
copybook
stewpot
self-disgust
carryall
bilateralism
do-nothing
mother-to-be
videocam
flip-flopper
partyer
fantasist
marchese
technics
ballooning
stradivarius
cautiousness
codpiece
kaffiyeh
headspace
indo-european
furrier
hireling
periosteum
hasp
stegosaurus
hematocrit
dowser
froufrou
flatworm
scrollwork
truckstop
reoccupation
turbofan
micromachine
mansard
one-off
neurophysiology
gilding
innervation
mechanical
oxygenate
verdure
pinking
mini-blinds
fatso
debe
chatelaine
cockerel
biped
laughing
government-in-exile
ultima
gunrunner
moonlet
dingbat
banyan
engorgement
artfulness
co-inventor
pressroom
crooning
gen-xer
plebeian
merrymaking
mid-cabin
bohemia
kilim
dieldrin
laver
schoolbus
contemporaneity
highboy
lightheartedness
summoning
dysphonia
champaign
tropical
junto
law-breaking
hacendado
shuddering
posada
routinization
hadrosaur
squareness
gosling
palindrome
connexion
paediatrics
nailhead
drabness
boxful
baptistery
tunesmith
protectant
gloating
multiprocessor
ampoule
spaetzle
sea-lane
head-butt
astuteness
diplomate
grogginess
dudgeon
squelching
comb-over
wanker
crofter
lovely
lingcod
spectacular
nisei
witchery
pushrod
one-act
dromedary
opacification
ipecac
drenching
hypercar
houri
glottis
bioaccumulation
yawl
bookbinder
rapeseed
crassness
plantsman
swarming
lanolin
relinquishing
okapi
egocentricity
spectroscope
guayabera
giveback
preeminent
unfurling
thromboembolism
refashioning
switchover
bacchanalia
metalhead
stripping
disciplining
hyperparathyroidism
magnetics
rockfall
adventurousness
subclass
great-great-grandson
principalship
manoeuvre
deliverymen
aphelion
objectivism
off-day
trollop
cowpox
portcullis
sepulchre
charting
bagasse
guanine
novelization
biowarfare
dreaminess
rifling
off-loading
mocking
smarty-pants
bobble
injera
vasoconstrictor
disapprobation
recalling
misquote
frosh
replicant
cruet
farrago
prophylactic
presider
estancia
mycobacteria
gleanings
unkindness
rumen
open-endedness
interconnectivity
subjectivist
lysis
blue-chip
commoditization
rending
hearing-impaired
presbyopia
bleeding
scrunchie
nail-biter
wigeon
corbel
legionary
beckoning
axilla
penny-pinching
self-portraiture
faille
shiso
compulsiveness
neutralizing
bollard
systematization
leukotriene
electromyography
impassivity
acequia
indigence
trackside
broker-dealer
centralist
big-screen
profit-making
incorruptibility
big-city
surcoat
ticketing
passive
brusqueness
deflator
heedlessness
gastronome
sandpit
malamute
lavishness
apparat
fishwife
gin-and-tonic
sabra
edibility
arthroscopy
orbital
grapeseed
piquancy
coalescing
clumping
sectional
gazette
muskmelon
unpleasantry
benefactress
picosecond
chief-of-staff
beechnut
practicability
jazzman
front-end
housetop
user-friendliness
kabbalah
rootworm
masculine
concubinage
squeezer
mujahidin
thiamine
blondness
oiliness
forewing
cryopreservation
high-wire
haredim
substitutability
two-run
spectroscopist
chromodynamics
guesser
badgering
verbosity
prickling
osteogenesis
cordage
weedbed
heatwave
assayer
nonperformance
moorish
griffon
pachuco
medkit
buckthorn
pseudopod
stifling
he-man
masturbator
outlawing
doppler
prearrangement
fireback
chutzpa
microscopist
nibbler
splay
isinglass
flautist
thermography
proposer
underline
phaeton
backtalk
capybara
cooperativeness
capturing
codebook
demonizing
chip-in
counter-discourse
then-governor
horizontality
swingset
eosinophilia
hyperpigmentation
histiocyte
collimator
hairdryer
creamware
trade-up
fractionation
geometrics
politicizing
trochanter
x-games
entailment
datastream
abasement
cramming
pasting
french-canadian
romanticist
ripcord
kafir
samsara
livelong
cotyledon
creepiness
rotgut
clangor
reclaiming
ephemeris
blow-dry
dybbuk
snooper
rheostat
airshaft
cioppino
bottlebrush
propolis
mineshaft
carfare
orthopaedics
villainess
ceramicist
slimeball
eurasian
superglue
clathrate
navel-gazing
wat
half-second
cackling
chuckling
sidelock
unknowability
midland
bathos
restocking
sultana
devourer
restorationist
comprehensibility
pyromaniac
bibb
draper
tule
pharmacognosy
medicament
tefillin
fluoxetine
bengali
sarsaparilla
despoliation
palooka
small-mindedness
kerf
nosphere
phylactery
thermoregulation
seraph
chinaberry
canebrake
concensus
kilohertz
ruck
psychokinesis
oppositionist
apatosaurus
belatedness
switcheroo
patristics
zester
conserver
rearranging
bucko
lifesuit
abstinent
bejeezus
weightiness
raja
foreign-policy
co-creation
deprogrammer
cleanout
nonpoor
paddlewheel
skald
dreamworld
beriberi
plasterwork
punning
writer/producer
upsweep
self-exile
dogmatics
ex-general
refit
sniffling
reimposition
decile
disembarkation
turtledove
child-raising
vanload
coccus
probing
nailer
phlogiston
microcode
sacralization
oysterman
typicality
cig
dissembler
krater
breading
agglutination
quarreling
kleptomaniac
sapwood
conventionalism
foetus
leukaemia
orneriness
tail-end
sleepwear
robbin
interdict
use-value
scythian
note-taker
hollowing
fussbudget
erasing
quick-fix
reveller
destruct
limpness
adenovirus
drogue
callaloo
casbah
tickertape
hoaxer
keratosis
choo-choo
sawbones
sandblasting
mochi
bitching
embryogenesis
loquat
subsumption
irishwoman
cross-referencing
purebred
haziness
rubberneck
redolence
knapweed
adverbial
homie
pizzicato
dropsy
clawfoot
euchre
recrudescence
handclasp
syndicalist
scrapple
chalcedony
community-building
freeze-out
medical
orang
polonaise
punk-pop
schnozz
sherlock
bridgework
hot-wire
bradycardia
self-referentiality
agarose
pakora
pachysandra
potentilla
dominus
odynophagia
tanka
mannitol
peri
demagogy
dustbuster
museology
detectability
titmouse
demineralization
circumciser
furball
dead-center
behavioralist
evensong
fluorite
cordial
snigger
first-and-goal
polyandry
aneurism
susurration
groats
interphone
transmittance
ujamaa
moonshot
hyoid
limeade
medlar
hypercholesterolemia
onanism
tinware
thracian
mariculture
supergun
tondo
sparker
key-ring
bantering
slipknot
tambour
post-exposure
friary
electrophysiologist
newspeak
magnifico
small-block
wainscot
volute
palfrey
marguerite
repellency
silversides
mandamus
self-advocate
hydrogel
enucleation
enuresis
lightship
squeezebox
malleolus
dysthymia
bricoleur
electronystagmography
provenience
tunica
wingspread
deckle
leveraging
paracetamol
nuclide
plaice
hypercapnia
albinism
chop-chop
kilocalorie
non-golfer
princedom
askari
purposiveness
bibliographer
kirtle
polltaker
preapproval
teff
stromatolite
hypomania
hemiplegia
ostium
childe
ingrain
crus
rata
pyrolysis
guilloche
benne
carabinero
esophagitis
relator
torr
enjambment
kopje
preclusion
compacting
heterojunction
co-player
braillewriter
krait
endomorph
millenarian
serostatus
microswitch
benthos
telescreen
internode
nonworker
splenectomy
pastorale
perianth
implicature
onchocerciasis
contador
tremolite
scotoma
destructor
anthropoid
myasthenia
colectomy
reishi
bazar
anhydride
holloware
picador
agentry
demonstrability
broadtail
jackscrew
]]></system-out>
  <system-err><![CDATA[]]></system-err>
</testsuite>
